[00:00:00.000] (7fc8639be140) INFO   Starting Vibe-asteroid application.
[00:00:00.000] (7fc8639be140) INFO   Attempting to enable raw mode.
[00:00:00.000] (7fc8639be140) INFO   Raw mode enabled.
[00:00:00.000] (7fc8639be140) INFO   Terminal size: 146x31
[00:00:00.000] (7fc8639be140) INFO   Attempting to clear screen and hide cursor.
[00:00:00.000] (7fc8639be140) INFO   Screen cleared and cursor hidden.
[00:00:00.001] (7fc8639be140) INFO   Title screen displayed. Waiting for key press.
[00:00:00.839] (7fc8639be140) INFO   Key pressed. Starting game loop.
[00:00:00.939] (7fc8639be140) INFO   Title screen cleared.
[00:00:00.990] (7fc8639be140) INFO   New asteroid spawned at x: 145, y: 16.28287303271695
[00:00:01.785] (7fc8639be140) INFO   Thrusting: Angle = -1.5707963267948966, Thrust Vector = (0.000000000000000003061616997868383, -0.05)
[00:00:01.785] (7fc8639be140) INFO   Ship thrusting.
[00:00:02.149] (7fc8639be140) INFO   Ship rotating left.
[00:00:02.306] (7fc8639be140) INFO   Ship rotating left.
[00:00:02.753] (7fc8639be140) INFO   Thrusting: Angle = -2.9291892549619973, Thrust Vector = (-0.048876353912920396, -0.010540494683787425)
[00:00:02.754] (7fc8639be140) INFO   Ship thrusting.
[00:00:03.353] (7fc8639be140) INFO   Thrusting: Angle = -3.389587538894201, Thrust Vector = (-0.048470327347221814, 0.012273034133952447)
[00:00:03.353] (7fc8639be140) INFO   Ship thrusting.
[00:00:03.539] (7fc8639be140) INFO   Ship rotating right.
[00:00:03.694] (7fc8639be140) INFO   Ship rotating right.
[00:00:03.848] (7fc8639be140) INFO   Ship rotating right.
[00:00:05.387] (7fc8639be140) INFO   Bullet fired.
[00:00:05.954] (7fc8639be140) INFO   New asteroid spawned at x: 0, y: 13.15562078289181
[00:00:05.987] (7fc8639be140) INFO   Bullet fired.
[00:00:06.027] (7fc8639be140) INFO   Bullet fired.
[00:00:06.068] (7fc8639be140) INFO   Bullet fired.
[00:00:06.107] (7fc8639be140) INFO   Bullet fired.
[00:00:06.148] (7fc8639be140) INFO   Bullet fired.
[00:00:06.188] (7fc8639be140) INFO   Bullet fired.
[00:00:06.227] (7fc8639be140) INFO   Bullet fired.
[00:00:06.268] (7fc8639be140) INFO   Bullet fired.
[00:00:06.307] (7fc8639be140) INFO   Bullet fired.
[00:00:06.901] (7fc8639be140) INFO   Ship rotating right.
[00:00:07.367] (7fc8639be140) INFO   Thrusting: Angle = 0.0405441048916068, Thrust Vector = (0.049958910018152496, 0.0020266498953056575)
[00:00:07.368] (7fc8639be140) INFO   Ship thrusting.
[00:00:07.507] (7fc8639be140) INFO   Ship rotating left.
[00:00:08.019] (7fc8639be140) INFO   Ship rotating left.
[00:00:10.965] (7fc8639be140) INFO   New asteroid spawned at x: 0, y: 6.064815458473762
